<?xml version="1.0" encoding="UTF-8"?>
<testsuite xmlns:xsi="http://www.w3.org/2001/XMLSchema-instance" xsi:noNamespaceSchemaLocation="https://maven.apache.org/surefire/maven-surefire-plugin/xsd/surefire-test-report-3.0.xsd" version="3.0" name="com.tennis.kata.TennisGameTest" time="0.029" tests="11" errors="0" skipped="0" failures="0">
  <properties>
[...]
</properties>
  <testcase name="should_throw_exception_on_invalid_input" classname="com.tennis.kata.TennisGameTest" time="0.011"/>
  <testcase name="should_handle_long_game_with_multiple_advantages" classname="com.tennis.kata.TennisGameTest" time="0.001"/>
  <testcase name="should_match_example_from_kata" classname="com.tennis.kata.TennisGameTest" time="0.0"/>
  <testcase name="should_win_after_advantage" classname="com.tennis.kata.TennisGameTest" time="0.0"/>
  <testcase name="should_ignore_points_after_game_finished" classname="com.tennis.kata.TennisGameTest" time="0.001"/>
  <testcase name="should_return_to_deuce_after_advantage" classname="com.tennis.kata.TennisGameTest" time="0.0"/>
  <testcase name="should_reach_deuce" classname="com.tennis.kata.TennisGameTest" time="0.0"/>
  <testcase name="should_give_advantage_to_player_A" classname="com.tennis.kata.TennisGameTest" time="0.0"/>
  <testcase name="should_give_advantage_to_player_B" classname="com.tennis.kata.TennisGameTest" time="0.001"/>
  <testcase name="should_win_simple_game_for_player_A" classname="com.tennis.kata.TennisGameTest" time="0.0"/>
  <testcase name="should_win_simple_game_for_player_B" classname="com.tennis.kata.TennisGameTest" time="0.001"/>
</testsuite>